<?xml version="1.0" encoding="UTF-8"?>
<testng-results skipped="0" failed="0" total="1" passed="1">
  <reporter-output>
  </reporter-output>
  <suite name="Suite" duration-ms="15114" started-at="2016-08-07T12:16:41Z" finished-at="2016-08-07T12:16:56Z">
    <groups>
    </groups>
    <test name="Test" duration-ms="15114" started-at="2016-08-07T12:16:41Z" finished-at="2016-08-07T12:16:56Z">
      <class name="qsp.DemoA">
        <test-method status="PASS" signature="testA()[pri:0, instance:qsp.DemoA@26653222]" name="testA" duration-ms="15078" started-at="2016-08-07T17:46:41Z" finished-at="2016-08-07T17:46:56Z">
          <reporter-output>
          </reporter-output>
        </test-method> <!-- testA -->
      </class> <!-- qsp.DemoA -->
    </test> <!-- Test -->
  </suite> <!-- Suite -->
</testng-results>
